<?xml version="1.0" encoding="UTF-8"?>
<!-- Generated by org.testng.reporters.JUnitReportReporter -->
<testsuite hostname="NCSIN0HH81KT2C0" failures="0" tests="1" name="capstone.pharmeasy.pim.ProductDescriptionTest" time="29.563" errors="0" timestamp="2024-04-11T12:03:34 IST" skipped="0">
  <testcase classname="capstone.pharmeasy.pim.ProductDescriptionTest" name="Change_Product_Page_Language" time="29.563"/>
  <system-out/>
</testsuite> <!-- capstone.pharmeasy.pim.ProductDescriptionTest -->
