<?xml version="1.0" encoding="UTF-8"?>
<!-- Generated by org.testng.reporters.JUnitReportReporter -->
<testsuite hostname="NCSIN0HH81KT2C0" failures="0" tests="2" name="capstone.pharmeasy.pim.PartnerTest" time="53.278" errors="0" timestamp="2024-04-11T11:11:36 IST" skipped="0">
  <testcase classname="capstone.pharmeasy.pim.PartnerTest" name="ValidFileds" time="25.888"/>
  <system-out/>
  <testcase classname="capstone.pharmeasy.pim.PartnerTest" name="BlankFields" time="27.390"/>
  <system-out/>
</testsuite> <!-- capstone.pharmeasy.pim.PartnerTest -->
