<?xml version="1.0" encoding="UTF-8"?>
<!-- Generated by org.testng.reporters.JUnitReportReporter -->
<testsuite hostname="NCSIN0HH81KT2C0" failures="0" tests="3" name="capstone.pharmeasy.cucumbertest.PharmeasyTestRunner" time="119.379" errors="0" timestamp="2024-04-11T12:36:44 IST" skipped="0">
  <testcase classname="capstone.pharmeasy.cucumbertest.PharmeasyTestRunner" name="runScenario" time="54.345"/>
  <system-out/>
  <testcase classname="capstone.pharmeasy.cucumbertest.PharmeasyTestRunner" name="runScenario" time="34.589"/>
  <system-out/>
  <testcase classname="capstone.pharmeasy.cucumbertest.PharmeasyTestRunner" name="runScenario" time="30.445"/>
  <system-out/>
</testsuite> <!-- capstone.pharmeasy.cucumbertest.PharmeasyTestRunner -->
