<?xml version="1.0" encoding="UTF-8"?>
<!-- Generated by org.testng.reporters.JUnitReportReporter -->
<testsuite hostname="NCSIN0HH81KT2C0" failures="0" tests="2" name="capstone.pharmeasy.pim.Carrers_Search" time="53.177" errors="0" timestamp="2024-04-11T11:11:36 IST" skipped="0">
  <testcase classname="capstone.pharmeasy.pim.Carrers_Search" name="SearchResultsValidInputs" time="27.749"/>
  <system-out/>
  <testcase classname="capstone.pharmeasy.pim.Carrers_Search" name="SearchResultsBlankInputs" time="25.428"/>
  <system-out/>
</testsuite> <!-- capstone.pharmeasy.pim.Carrers_Search -->
