<?xml version="1.0" encoding="UTF-8"?>
<!-- Generated by org.testng.reporters.JUnitReportReporter -->
<testsuite hostname="NCSIN02D4GYP3C0" failures="0" tests="2" name="capstone.pharmeasy.pim.PartnerTest" time="55.915" errors="0" timestamp="2024-04-11T17:28:37 IST" skipped="0">
  <testcase classname="capstone.pharmeasy.pim.PartnerTest" name="ValidFileds" time="28.585"/>
  <testcase classname="capstone.pharmeasy.pim.PartnerTest" name="BlankFields" time="27.330"/>
</testsuite> <!-- capstone.pharmeasy.pim.PartnerTest -->
