<?xml version="1.0" encoding="UTF-8"?>
<!-- Generated by org.testng.reporters.JUnitReportReporter -->
<testsuite hostname="NCSIN02D4GYP3C0" failures="0" tests="2" name="capstone.pharmeasy.pim.Carrers_Search" time="56.477" errors="0" timestamp="2024-04-11T17:28:37 IST" skipped="0">
  <testcase classname="capstone.pharmeasy.pim.Carrers_Search" name="SearchResultsValidInputs" time="30.921"/>
  <testcase classname="capstone.pharmeasy.pim.Carrers_Search" name="SearchResultsBlankInputs" time="25.556"/>
</testsuite> <!-- capstone.pharmeasy.pim.Carrers_Search -->
