<?xml version="1.0" encoding="UTF-8"?>
<!-- Generated by org.testng.reporters.JUnitReportReporter -->
<testsuite hostname="NCSIN02D4GYP3C0" failures="0" tests="3" name="capstone.pharmeasy.pim.HomePageTest" time="42.834" errors="0" timestamp="2024-04-11T17:28:37 IST" skipped="0">
  <testcase classname="capstone.pharmeasy.pim.HomePageTest" name="check_valid_deliverycode" time="8.446"/>
  <testcase classname="capstone.pharmeasy.pim.HomePageTest" name="check_invalid_deliverycode" time="18.727"/>
  <testcase classname="capstone.pharmeasy.pim.HomePageTest" name="check_notinservice_deliverycode" time="15.661"/>
</testsuite> <!-- capstone.pharmeasy.pim.HomePageTest -->
