<?xml version="1.0" encoding="UTF-8"?>
<!-- Generated by org.testng.reporters.JUnitReportReporter -->
<testsuite hostname="NCSIN0HH81KT2C0" failures="0" tests="2" name="capstone.pharmeasy.pim.CartPageTest" time="25.370" errors="0" timestamp="2024-04-11T11:11:36 IST" skipped="0">
  <testcase classname="capstone.pharmeasy.pim.CartPageTest" name="RemoveCart" time="6.838"/>
  <system-out/>
  <testcase classname="capstone.pharmeasy.pim.CartPageTest" name="AddToCart" time="18.532"/>
  <system-out/>
</testsuite> <!-- capstone.pharmeasy.pim.CartPageTest -->
