<?xml version="1.0" encoding="UTF-8"?>
<!-- Generated by org.testng.reporters.JUnitReportReporter -->
<testsuite hostname="NCSIN02D4GYP3C0" failures="0" tests="2" name="capstone.pharmeasy.pim.CartPageTest" time="25.718" errors="0" timestamp="2024-04-11T17:28:37 IST" skipped="0">
  <testcase classname="capstone.pharmeasy.pim.CartPageTest" name="AddToCart" time="19.425"/>
  <testcase classname="capstone.pharmeasy.pim.CartPageTest" name="RemoveCart" time="6.293"/>
</testsuite> <!-- capstone.pharmeasy.pim.CartPageTest -->
