<?xml version="1.0" encoding="UTF-8"?>
<!-- Generated by org.testng.reporters.JUnitReportReporter -->
<testsuite hostname="NCSIN0HH81KT2C0" failures="0" tests="4" name="capstone.pharmeasy.pim.PharmeasyTest" time="66.563" errors="0" timestamp="2024-04-11T11:11:36 IST" skipped="0">
  <testcase classname="capstone.pharmeasy.pim.PharmeasyTest" name="pharmeasySearchtest" time="10.188"/>
  <system-out/>
  <testcase classname="capstone.pharmeasy.pim.PharmeasyTest" name="featureBrandtest" time="13.363"/>
  <system-out/>
  <testcase classname="capstone.pharmeasy.pim.PharmeasyTest" name="pharmeasyOrderFromValuetest" time="16.716"/>
  <system-out/>
  <testcase classname="capstone.pharmeasy.pim.PharmeasyTest" name="testFileUpload" time="26.296"/>
  <system-out/>
</testsuite> <!-- capstone.pharmeasy.pim.PharmeasyTest -->
